app/build/intermediates/manifest_merge_blame_file/debug/manifest-merger-blame-debug-report.txt
1<?xml version="1.0" encoding="utf-8"?>
2<manifest xmlns:android="http://schemas.android.com/apk/res/android"
3    package="com.example.notebase"
4    android:versionCode="1"
5    android:versionName="1.0" >
6
7    <uses-sdk
8        android:minSdkVersion="21"
8-->src\main\AndroidManifest.xml
9        android:targetSdkVersion="29" />
9-->src\main\AndroidManifest.xml
10
11    <uses-permission android:name="android.permission.INTERNET" />
11-->src\main\AndroidManifest.xml:6:5-67
11-->src\main\AndroidManifest.xml:6:22-64
12
13    <supports-screens
13-->src\main\AndroidManifest.xml:8:5-14:36
14        android:anyDensity="true"
14-->src\main\AndroidManifest.xml:14:9-34
15        android:largeScreens="true"
15-->src\main\AndroidManifest.xml:12:9-36
16        android:normalScreens="true"
16-->src\main\AndroidManifest.xml:11:9-37
17        android:resizeable="true"
17-->src\main\AndroidManifest.xml:9:9-34
18        android:smallScreens="true"
18-->src\main\AndroidManifest.xml:10:9-36
19        android:xlargeScreens="true" />
19-->src\main\AndroidManifest.xml:13:9-37
20
21    <uses-permission android:name="android.permission.ACCESS_NETWORK_STATE" />
21-->[com.firebaseui:firebase-ui-auth:3.0.0] AndroidManifest.xml:12:5-79
21-->[com.firebaseui:firebase-ui-auth:3.0.0] AndroidManifest.xml:12:22-76
22    <uses-permission android:name="com.google.android.finsky.permission.BIND_GET_INSTALL_REFERRER_SERVICE" />
22-->[com.android.installreferrer:installreferrer:1.0] AndroidManifest.xml:9:5-110
22-->[com.android.installreferrer:installreferrer:1.0] AndroidManifest.xml:9:22-107
23
24    <application
24-->src\main\AndroidManifest.xml:16:5-40:19
25        android:allowBackup="true"
25-->src\main\AndroidManifest.xml:17:9-35
26        android:appComponentFactory="androidx.core.app.CoreComponentFactory"
26-->[androidx.core:core:1.3.1] AndroidManifest.xml:24:18-86
27        android:debuggable="true"
28        android:icon="@mipmap/notebaseicon"
28-->src\main\AndroidManifest.xml:18:9-44
29        android:label="@string/app_name"
29-->src\main\AndroidManifest.xml:19:9-41
30        android:roundIcon="@mipmap/ic_launcher_round"
30-->src\main\AndroidManifest.xml:20:9-54
31        android:supportsRtl="true"
31-->src\main\AndroidManifest.xml:21:9-35
32        android:testOnly="true"
33        android:theme="@style/AppTheme" >
33-->src\main\AndroidManifest.xml:22:9-40
34        <activity android:name="com.example.notebase.Update" />
34-->src\main\AndroidManifest.xml:23:9-44
34-->src\main\AndroidManifest.xml:23:19-41
35        <activity
35-->src\main\AndroidManifest.xml:24:9-27:59
36            android:name="com.example.notebase.Profile"
36-->src\main\AndroidManifest.xml:25:13-36
37            android:label="@string/title_activity_profile"
37-->src\main\AndroidManifest.xml:26:13-59
38            android:theme="@style/AppTheme.NoActionBar" />
38-->src\main\AndroidManifest.xml:27:13-56
39        <activity android:name="com.example.notebase.About" />
39-->src\main\AndroidManifest.xml:28:9-43
39-->src\main\AndroidManifest.xml:28:19-40
40        <activity android:name="com.example.notebase.Note" />
40-->src\main\AndroidManifest.xml:29:9-42
40-->src\main\AndroidManifest.xml:29:19-39
41        <activity
41-->src\main\AndroidManifest.xml:30:9-36:20
42            android:name="com.example.notebase.Home"
42-->src\main\AndroidManifest.xml:30:19-39
43            android:theme="@style/AppTheme.Launcher" >
43-->src\main\AndroidManifest.xml:30:40-80
44            <intent-filter>
44-->src\main\AndroidManifest.xml:31:13-35:29
45                <action android:name="android.intent.action.MAIN" />
45-->src\main\AndroidManifest.xml:32:17-69
45-->src\main\AndroidManifest.xml:32:25-66
46
47                <category android:name="android.intent.category.LAUNCHER" />
47-->src\main\AndroidManifest.xml:34:17-77
47-->src\main\AndroidManifest.xml:34:27-74
48            </intent-filter>
49        </activity>
50        <activity android:name="com.example.notebase.Register" />
50-->src\main\AndroidManifest.xml:37:9-46
50-->src\main\AndroidManifest.xml:37:19-43
51        <activity android:name="com.example.notebase.Login" />
51-->src\main\AndroidManifest.xml:38:9-43
51-->src\main\AndroidManifest.xml:38:19-40
52        <activity android:name="com.example.notebase.MainActivity" />
52-->src\main\AndroidManifest.xml:39:9-50
52-->src\main\AndroidManifest.xml:39:19-47
53
54        <meta-data
54-->[com.firebaseui:firebase-ui-auth:3.0.0] AndroidManifest.xml:16:9-18:69
55            android:name="com.google.android.gms.version"
55-->[com.firebaseui:firebase-ui-auth:3.0.0] AndroidManifest.xml:17:13-58
56            android:value="@integer/google_play_services_version" />
56-->[com.firebaseui:firebase-ui-auth:3.0.0] AndroidManifest.xml:18:13-66
57        <meta-data
57-->[com.firebaseui:firebase-ui-auth:3.0.0] AndroidManifest.xml:19:9-21:63
58            android:name="com.facebook.sdk.ApplicationId"
58-->[com.firebaseui:firebase-ui-auth:3.0.0] AndroidManifest.xml:20:13-58
59            android:value="@string/facebook_application_id" />
59-->[com.firebaseui:firebase-ui-auth:3.0.0] AndroidManifest.xml:21:13-60
60        <meta-data
60-->[com.firebaseui:firebase-ui-auth:3.0.0] AndroidManifest.xml:22:9-24:36
61            android:name="com.facebook.sdk.AutoLogAppEventsEnabled"
61-->[com.firebaseui:firebase-ui-auth:3.0.0] AndroidManifest.xml:23:13-68
62            android:value="true" />
62-->[com.firebaseui:firebase-ui-auth:3.0.0] AndroidManifest.xml:24:13-33
63
64        <activity
64-->[com.firebaseui:firebase-ui-auth:3.0.0] AndroidManifest.xml:26:9-30:61
65            android:name="com.firebase.ui.auth.KickoffActivity"
65-->[com.firebaseui:firebase-ui-auth:3.0.0] AndroidManifest.xml:27:13-64
66            android:exported="false"
66-->[com.firebaseui:firebase-ui-auth:3.0.0] AndroidManifest.xml:28:13-37
67            android:label=""
67-->[com.firebaseui:firebase-ui-auth:3.0.0] AndroidManifest.xml:29:13-29
68            android:theme="@style/FirebaseUI.Transparent" />
68-->[com.firebaseui:firebase-ui-auth:3.0.0] AndroidManifest.xml:30:13-58
69        <activity
69-->[com.firebaseui:firebase-ui-auth:3.0.0] AndroidManifest.xml:31:9-34:75
70            android:name="com.firebase.ui.auth.ui.email.RecoverPasswordActivity"
70-->[com.firebaseui:firebase-ui-auth:3.0.0] AndroidManifest.xml:32:13-81
71            android:exported="false"
71-->[com.firebaseui:firebase-ui-auth:3.0.0] AndroidManifest.xml:33:13-37
72            android:label="@string/fui_title_recover_password_activity" />
72-->[com.firebaseui:firebase-ui-auth:3.0.0] AndroidManifest.xml:34:13-72
73        <activity
73-->[com.firebaseui:firebase-ui-auth:3.0.0] AndroidManifest.xml:35:9-38:59
74            android:name="com.firebase.ui.auth.ui.email.RegisterEmailActivity"
74-->[com.firebaseui:firebase-ui-auth:3.0.0] AndroidManifest.xml:36:13-79
75            android:exported="false"
75-->[com.firebaseui:firebase-ui-auth:3.0.0] AndroidManifest.xml:37:13-37
76            android:label="@string/fui_sign_in_default" />
76-->[com.firebaseui:firebase-ui-auth:3.0.0] AndroidManifest.xml:38:13-56
77        <activity
77-->[com.firebaseui:firebase-ui-auth:3.0.0] AndroidManifest.xml:39:9-43:64
78            android:name="com.firebase.ui.auth.ui.phone.PhoneVerificationActivity"
78-->[com.firebaseui:firebase-ui-auth:3.0.0] AndroidManifest.xml:40:13-83
79            android:exported="false"
79-->[com.firebaseui:firebase-ui-auth:3.0.0] AndroidManifest.xml:41:13-37
80            android:label="@string/fui_sign_in_with_phone_number"
80-->[com.firebaseui:firebase-ui-auth:3.0.0] AndroidManifest.xml:42:13-66
81            android:windowSoftInputMode="stateAlwaysVisible" />
81-->[com.firebaseui:firebase-ui-auth:3.0.0] AndroidManifest.xml:43:13-61
82        <activity
82-->[com.firebaseui:firebase-ui-auth:3.0.0] AndroidManifest.xml:44:9-47:73
83            android:name="com.firebase.ui.auth.ui.accountlink.WelcomeBackIdpPrompt"
83-->[com.firebaseui:firebase-ui-auth:3.0.0] AndroidManifest.xml:45:13-84
84            android:exported="false"
84-->[com.firebaseui:firebase-ui-auth:3.0.0] AndroidManifest.xml:46:13-37
85            android:label="@string/fui_title_welcome_back_idp_prompt" />
85-->[com.firebaseui:firebase-ui-auth:3.0.0] AndroidManifest.xml:47:13-70
86        <activity
86-->[com.firebaseui:firebase-ui-auth:3.0.0] AndroidManifest.xml:48:9-51:78
87            android:name="com.firebase.ui.auth.ui.accountlink.WelcomeBackPasswordPrompt"
87-->[com.firebaseui:firebase-ui-auth:3.0.0] AndroidManifest.xml:49:13-89
88            android:exported="false"
88-->[com.firebaseui:firebase-ui-auth:3.0.0] AndroidManifest.xml:50:13-37
89            android:label="@string/fui_title_welcome_back_password_prompt" />
89-->[com.firebaseui:firebase-ui-auth:3.0.0] AndroidManifest.xml:51:13-75
90        <activity
90-->[com.firebaseui:firebase-ui-auth:3.0.0] AndroidManifest.xml:52:9-55:65
91            android:name="com.firebase.ui.auth.ui.idp.AuthMethodPickerActivity"
91-->[com.firebaseui:firebase-ui-auth:3.0.0] AndroidManifest.xml:53:13-80
92            android:exported="false"
92-->[com.firebaseui:firebase-ui-auth:3.0.0] AndroidManifest.xml:54:13-37
93            android:label="@string/fui_default_toolbar_title" />
93-->[com.firebaseui:firebase-ui-auth:3.0.0] AndroidManifest.xml:55:13-62
94        <activity
94-->[com.firebaseui:firebase-ui-auth:3.0.0] AndroidManifest.xml:56:9-60:48
95            android:name="com.facebook.FacebookActivity"
95-->[com.firebaseui:firebase-ui-auth:3.0.0] AndroidManifest.xml:57:13-57
96            android:configChanges="keyboard|keyboardHidden|screenLayout|screenSize|orientation"
96-->[com.firebaseui:firebase-ui-auth:3.0.0] AndroidManifest.xml:58:13-96
97            android:label="@string/app_name"
97-->[com.firebaseui:firebase-ui-auth:3.0.0] AndroidManifest.xml:59:13-45
98            android:theme="@style/com_facebook_activity_theme" />
98-->[com.facebook.android:facebook-common:5.15.3] AndroidManifest.xml:33:13-63
99        <activity
99-->[com.firebaseui:firebase-ui-auth:3.0.0] AndroidManifest.xml:61:9-73:20
100            android:name="com.facebook.CustomTabActivity"
100-->[com.firebaseui:firebase-ui-auth:3.0.0] AndroidManifest.xml:62:13-58
101            android:exported="true" >
101-->[com.firebaseui:firebase-ui-auth:3.0.0] AndroidManifest.xml:63:13-36
102            <intent-filter>
102-->[com.firebaseui:firebase-ui-auth:3.0.0] AndroidManifest.xml:65:13-72:29
103                <action android:name="android.intent.action.VIEW" />
103-->[com.firebaseui:firebase-ui-auth:3.0.0] AndroidManifest.xml:66:17-69
103-->[com.firebaseui:firebase-ui-auth:3.0.0] AndroidManifest.xml:66:25-66
104
105                <category android:name="android.intent.category.DEFAULT" />
105-->[com.firebaseui:firebase-ui-auth:3.0.0] AndroidManifest.xml:68:17-76
105-->[com.firebaseui:firebase-ui-auth:3.0.0] AndroidManifest.xml:68:27-73
106                <category android:name="android.intent.category.BROWSABLE" />
106-->[com.firebaseui:firebase-ui-auth:3.0.0] AndroidManifest.xml:69:17-78
106-->[com.firebaseui:firebase-ui-auth:3.0.0] AndroidManifest.xml:69:27-75
107
108                <data android:scheme="@string/facebook_login_protocol_scheme" />
108-->[com.firebaseui:firebase-ui-auth:3.0.0] AndroidManifest.xml:71:17-81
108-->[com.firebaseui:firebase-ui-auth:3.0.0] AndroidManifest.xml:71:23-78
109            </intent-filter>
110            <intent-filter>
110-->[com.facebook.android:facebook-common:5.15.3] AndroidManifest.xml:39:13-48:29
111                <action android:name="android.intent.action.VIEW" />
111-->[com.firebaseui:firebase-ui-auth:3.0.0] AndroidManifest.xml:66:17-69
111-->[com.firebaseui:firebase-ui-auth:3.0.0] AndroidManifest.xml:66:25-66
112
113                <category android:name="android.intent.category.DEFAULT" />
113-->[com.firebaseui:firebase-ui-auth:3.0.0] AndroidManifest.xml:68:17-76
113-->[com.firebaseui:firebase-ui-auth:3.0.0] AndroidManifest.xml:68:27-73
114                <category android:name="android.intent.category.BROWSABLE" />
114-->[com.firebaseui:firebase-ui-auth:3.0.0] AndroidManifest.xml:69:17-78
114-->[com.firebaseui:firebase-ui-auth:3.0.0] AndroidManifest.xml:69:27-75
115
116                <data
116-->[com.firebaseui:firebase-ui-auth:3.0.0] AndroidManifest.xml:71:17-81
117                    android:host="cct.com.example.notebase"
118                    android:scheme="fbconnect" />
118-->[com.firebaseui:firebase-ui-auth:3.0.0] AndroidManifest.xml:71:23-78
119            </intent-filter>
120        </activity>
121        <activity android:name="com.facebook.CustomTabMainActivity" />
121-->[com.facebook.android:facebook-common:5.15.3] AndroidManifest.xml:34:9-71
121-->[com.facebook.android:facebook-common:5.15.3] AndroidManifest.xml:34:19-68
122        <activity
122-->[com.google.firebase:firebase-auth:20.0.0] AndroidManifest.xml:27:9-34:50
123            android:name="com.google.firebase.auth.internal.FederatedSignInActivity"
123-->[com.google.firebase:firebase-auth:20.0.0] AndroidManifest.xml:28:13-85
124            android:excludeFromRecents="true"
124-->[com.google.firebase:firebase-auth:20.0.0] AndroidManifest.xml:29:13-46
125            android:exported="true"
125-->[com.google.firebase:firebase-auth:20.0.0] AndroidManifest.xml:30:13-36
126            android:launchMode="singleTask"
126-->[com.google.firebase:firebase-auth:20.0.0] AndroidManifest.xml:31:13-44
127            android:permission="com.google.firebase.auth.api.gms.permission.LAUNCH_FEDERATED_SIGN_IN"
127-->[com.google.firebase:firebase-auth:20.0.0] AndroidManifest.xml:32:13-102
128            android:theme="@android:style/Theme.Translucent.NoTitleBar" />
128-->[com.google.firebase:firebase-auth:20.0.0] AndroidManifest.xml:33:13-72
129        <activity
129-->[com.google.firebase:firebase-auth:20.0.0] AndroidManifest.xml:35:9-52:20
130            android:name="com.google.firebase.auth.internal.GenericIdpActivity"
130-->[com.google.firebase:firebase-auth:20.0.0] AndroidManifest.xml:36:13-80
131            android:excludeFromRecents="true"
131-->[com.google.firebase:firebase-auth:20.0.0] AndroidManifest.xml:37:13-46
132            android:exported="true"
132-->[com.google.firebase:firebase-auth:20.0.0] AndroidManifest.xml:38:13-36
133            android:launchMode="singleTask"
133-->[com.google.firebase:firebase-auth:20.0.0] AndroidManifest.xml:39:13-44
134            android:theme="@android:style/Theme.Translucent.NoTitleBar" >
134-->[com.google.firebase:firebase-auth:20.0.0] AndroidManifest.xml:40:13-72
135            <intent-filter>
135-->[com.google.firebase:firebase-auth:20.0.0] AndroidManifest.xml:41:13-51:29
136                <action android:name="android.intent.action.VIEW" />
136-->[com.firebaseui:firebase-ui-auth:3.0.0] AndroidManifest.xml:66:17-69
136-->[com.firebaseui:firebase-ui-auth:3.0.0] AndroidManifest.xml:66:25-66
137
138                <category android:name="android.intent.category.DEFAULT" />
138-->[com.firebaseui:firebase-ui-auth:3.0.0] AndroidManifest.xml:68:17-76
138-->[com.firebaseui:firebase-ui-auth:3.0.0] AndroidManifest.xml:68:27-73
139                <category android:name="android.intent.category.BROWSABLE" />
139-->[com.firebaseui:firebase-ui-auth:3.0.0] AndroidManifest.xml:69:17-78
139-->[com.firebaseui:firebase-ui-auth:3.0.0] AndroidManifest.xml:69:27-75
140
141                <data
141-->[com.firebaseui:firebase-ui-auth:3.0.0] AndroidManifest.xml:71:17-81
142                    android:host="firebase.auth"
143                    android:path="/"
144                    android:scheme="genericidp" />
144-->[com.firebaseui:firebase-ui-auth:3.0.0] AndroidManifest.xml:71:23-78
145            </intent-filter>
146        </activity>
147        <activity
147-->[com.google.firebase:firebase-auth:20.0.0] AndroidManifest.xml:53:9-70:20
148            android:name="com.google.firebase.auth.internal.RecaptchaActivity"
148-->[com.google.firebase:firebase-auth:20.0.0] AndroidManifest.xml:54:13-79
149            android:excludeFromRecents="true"
149-->[com.google.firebase:firebase-auth:20.0.0] AndroidManifest.xml:55:13-46
150            android:exported="true"
150-->[com.google.firebase:firebase-auth:20.0.0] AndroidManifest.xml:56:13-36
151            android:launchMode="singleTask"
151-->[com.google.firebase:firebase-auth:20.0.0] AndroidManifest.xml:57:13-44
152            android:theme="@android:style/Theme.Translucent.NoTitleBar" >
152-->[com.google.firebase:firebase-auth:20.0.0] AndroidManifest.xml:58:13-72
153            <intent-filter>
153-->[com.google.firebase:firebase-auth:20.0.0] AndroidManifest.xml:59:13-69:29
154                <action android:name="android.intent.action.VIEW" />
154-->[com.firebaseui:firebase-ui-auth:3.0.0] AndroidManifest.xml:66:17-69
154-->[com.firebaseui:firebase-ui-auth:3.0.0] AndroidManifest.xml:66:25-66
155
156                <category android:name="android.intent.category.DEFAULT" />
156-->[com.firebaseui:firebase-ui-auth:3.0.0] AndroidManifest.xml:68:17-76
156-->[com.firebaseui:firebase-ui-auth:3.0.0] AndroidManifest.xml:68:27-73
157                <category android:name="android.intent.category.BROWSABLE" />
157-->[com.firebaseui:firebase-ui-auth:3.0.0] AndroidManifest.xml:69:17-78
157-->[com.firebaseui:firebase-ui-auth:3.0.0] AndroidManifest.xml:69:27-75
158
159                <data
159-->[com.firebaseui:firebase-ui-auth:3.0.0] AndroidManifest.xml:71:17-81
160                    android:host="firebase.auth"
161                    android:path="/"
162                    android:scheme="recaptcha" />
162-->[com.firebaseui:firebase-ui-auth:3.0.0] AndroidManifest.xml:71:23-78
163            </intent-filter>
164        </activity>
165
166        <service
166-->[com.google.firebase:firebase-auth:20.0.0] AndroidManifest.xml:72:9-81:19
167            android:name="com.google.firebase.auth.api.fallback.service.FirebaseAuthFallbackService"
167-->[com.google.firebase:firebase-auth:20.0.0] AndroidManifest.xml:73:13-101
168            android:enabled="true"
168-->[com.google.firebase:firebase-auth:20.0.0] AndroidManifest.xml:74:13-35
169            android:exported="false" >
169-->[com.google.firebase:firebase-auth:20.0.0] AndroidManifest.xml:75:13-37
170            <intent-filter>
170-->[com.google.firebase:firebase-auth:20.0.0] AndroidManifest.xml:76:13-80:29
171                <action android:name="com.google.firebase.auth.api.gms.service.START" />
171-->[com.google.firebase:firebase-auth:20.0.0] AndroidManifest.xml:77:17-89
171-->[com.google.firebase:firebase-auth:20.0.0] AndroidManifest.xml:77:25-86
172
173                <category android:name="android.intent.category.DEFAULT" />
173-->[com.firebaseui:firebase-ui-auth:3.0.0] AndroidManifest.xml:68:17-76
173-->[com.firebaseui:firebase-ui-auth:3.0.0] AndroidManifest.xml:68:27-73
174            </intent-filter>
175        </service>
176        <service
176-->[com.google.firebase:firebase-auth:20.0.0] AndroidManifest.xml:82:9-88:19
177            android:name="com.google.firebase.components.ComponentDiscoveryService"
177-->[com.google.firebase:firebase-auth:20.0.0] AndroidManifest.xml:83:13-84
178            android:directBootAware="true"
178-->[com.google.firebase:firebase-common:19.3.1] AndroidManifest.xml:35:13-43
179            android:exported="false" >
179-->[com.google.firebase:firebase-auth:20.0.0] AndroidManifest.xml:84:13-37
180            <meta-data
180-->[com.google.firebase:firebase-auth:20.0.0] AndroidManifest.xml:85:13-87:85
181                android:name="com.google.firebase.components:com.google.firebase.auth.FirebaseAuthRegistrar"
181-->[com.google.firebase:firebase-auth:20.0.0] AndroidManifest.xml:86:17-109
182                android:value="com.google.firebase.components.ComponentRegistrar" />
182-->[com.google.firebase:firebase-auth:20.0.0] AndroidManifest.xml:87:17-82
183            <meta-data
183-->[com.google.firebase:firebase-firestore:22.0.0] AndroidManifest.xml:20:13-22:85
184                android:name="com.google.firebase.components:com.google.firebase.firestore.FirestoreRegistrar"
184-->[com.google.firebase:firebase-firestore:22.0.0] AndroidManifest.xml:21:17-111
185                android:value="com.google.firebase.components.ComponentRegistrar" />
185-->[com.google.firebase:firebase-firestore:22.0.0] AndroidManifest.xml:22:17-82
186        </service>
187
188        <activity
188-->[com.google.android.gms:play-services-auth:18.1.0] AndroidManifest.xml:23:9-27:75
189            android:name="com.google.android.gms.auth.api.signin.internal.SignInHubActivity"
189-->[com.google.android.gms:play-services-auth:18.1.0] AndroidManifest.xml:24:13-93
190            android:excludeFromRecents="true"
190-->[com.google.android.gms:play-services-auth:18.1.0] AndroidManifest.xml:25:13-46
191            android:exported="false"
191-->[com.google.android.gms:play-services-auth:18.1.0] AndroidManifest.xml:26:13-37
192            android:theme="@android:style/Theme.Translucent.NoTitleBar" />
192-->[com.google.android.gms:play-services-auth:18.1.0] AndroidManifest.xml:27:13-72
193        <!--
194            Service handling Google Sign-In user revocation. For apps that do not integrate with
195            Google Sign-In, this service will never be started.
196        -->
197        <service
197-->[com.google.android.gms:play-services-auth:18.1.0] AndroidManifest.xml:33:9-37:51
198            android:name="com.google.android.gms.auth.api.signin.RevocationBoundService"
198-->[com.google.android.gms:play-services-auth:18.1.0] AndroidManifest.xml:34:13-89
199            android:exported="true"
199-->[com.google.android.gms:play-services-auth:18.1.0] AndroidManifest.xml:35:13-36
200            android:permission="com.google.android.gms.auth.api.signin.permission.REVOCATION_NOTIFICATION"
200-->[com.google.android.gms:play-services-auth:18.1.0] AndroidManifest.xml:36:13-107
201            android:visibleToInstantApps="true" />
201-->[com.google.android.gms:play-services-auth:18.1.0] AndroidManifest.xml:37:13-48
202
203        <activity
203-->[com.google.android.gms:play-services-base:17.1.0] AndroidManifest.xml:23:9-26:75
204            android:name="com.google.android.gms.common.api.GoogleApiActivity"
204-->[com.google.android.gms:play-services-base:17.1.0] AndroidManifest.xml:24:13-79
205            android:exported="false"
205-->[com.google.android.gms:play-services-base:17.1.0] AndroidManifest.xml:25:13-37
206            android:theme="@android:style/Theme.Translucent.NoTitleBar" />
206-->[com.google.android.gms:play-services-base:17.1.0] AndroidManifest.xml:26:13-72
207
208        <provider
208-->[com.google.firebase:firebase-common:19.3.1] AndroidManifest.xml:26:9-31:39
209            android:name="com.google.firebase.provider.FirebaseInitProvider"
209-->[com.google.firebase:firebase-common:19.3.1] AndroidManifest.xml:27:13-77
210            android:authorities="com.example.notebase.firebaseinitprovider"
210-->[com.google.firebase:firebase-common:19.3.1] AndroidManifest.xml:28:13-72
211            android:directBootAware="true"
211-->[com.google.firebase:firebase-common:19.3.1] AndroidManifest.xml:29:13-43
212            android:exported="false"
212-->[com.google.firebase:firebase-common:19.3.1] AndroidManifest.xml:30:13-37
213            android:initOrder="100" />
213-->[com.google.firebase:firebase-common:19.3.1] AndroidManifest.xml:31:13-36
214        <!--
215         The initialization ContentProvider will call FacebookSdk.sdkInitialize automatically
216         with the application context. This config is merged in with the host app's manifest,
217         but there can only be one provider with the same authority activated at any given
218         point; so if the end user has two or more different apps that use Facebook SDK, only the
219         first one will be able to use the provider. To work around this problem, we use the
220         following placeholder in the authority to identify each host application as if it was
221         a completely different provider.
222        -->
223        <provider
223-->[com.facebook.android:facebook-core:5.15.3] AndroidManifest.xml:39:9-42:40
224            android:name="com.facebook.internal.FacebookInitProvider"
224-->[com.facebook.android:facebook-core:5.15.3] AndroidManifest.xml:40:13-70
225            android:authorities="com.example.notebase.FacebookInitProvider"
225-->[com.facebook.android:facebook-core:5.15.3] AndroidManifest.xml:41:13-72
226            android:exported="false" />
226-->[com.facebook.android:facebook-core:5.15.3] AndroidManifest.xml:42:13-37
227
228        <receiver
228-->[com.facebook.android:facebook-core:5.15.3] AndroidManifest.xml:44:9-50:20
229            android:name="com.facebook.CurrentAccessTokenExpirationBroadcastReceiver"
229-->[com.facebook.android:facebook-core:5.15.3] AndroidManifest.xml:45:13-86
230            android:exported="false" >
230-->[com.facebook.android:facebook-core:5.15.3] AndroidManifest.xml:46:13-37
231            <intent-filter>
231-->[com.facebook.android:facebook-core:5.15.3] AndroidManifest.xml:47:13-49:29
232                <action android:name="com.facebook.sdk.ACTION_CURRENT_ACCESS_TOKEN_CHANGED" />
232-->[com.facebook.android:facebook-core:5.15.3] AndroidManifest.xml:48:17-95
232-->[com.facebook.android:facebook-core:5.15.3] AndroidManifest.xml:48:25-92
233            </intent-filter>
234        </receiver>
235
236        <provider
236-->[androidx.lifecycle:lifecycle-process:2.0.0] AndroidManifest.xml:23:9-27:43
237            android:name="androidx.lifecycle.ProcessLifecycleOwnerInitializer"
237-->[androidx.lifecycle:lifecycle-process:2.0.0] AndroidManifest.xml:24:13-79
238            android:authorities="com.example.notebase.lifecycle-process"
238-->[androidx.lifecycle:lifecycle-process:2.0.0] AndroidManifest.xml:25:13-69
239            android:exported="false"
239-->[androidx.lifecycle:lifecycle-process:2.0.0] AndroidManifest.xml:26:13-37
240            android:multiprocess="true" />
240-->[androidx.lifecycle:lifecycle-process:2.0.0] AndroidManifest.xml:27:13-40
241    </application>
242
243</manifest>